{"MSG_CAPCODE":"1499455","MSG_TIME":"00:00:01","MSG_DATE":"30-08-15","MSG_MODE":"FLEX-A","MSG_TYPE":" StNUM ","MSG_BITRATE":"1600", "MSG_MESSAGE":"        *  *    *        * *  * U*   *   "}

{"MSG_CAPCODE":"0012178","MSG_TIME":"00:00:01","MSG_DATE":"30-08-15","MSG_MODE":"FLEX-A","MSG_TYPE":" ALPHA ","MSG_BITRATE":"1600", "MSG_MESSAGE":"9749"}

{"MSG_CAPCODE":"0365030","MSG_TIME":"00:00:59","MSG_DATE":"30-08-15","MSG_MODE":"FLEX-A","MSG_TYPE":" StNUM ","MSG_BITRATE":"1600", "MSG_MESSAGE":"9750"}
{"MSG_CAPCODE":"1499455","MSG_TIME":"00:01:01","MSG_DATE":"30-08-15","MSG_MODE":"FLEX-A","MSG_TYPE":" StNUM ","MSG_BITRATE":"1600", "MSG_MESSAGE":"        *  *    *        * *  * U*   *   "}

{"MSG_CAPCODE":"0012178","MSG_TIME":"00:01:01","MSG_DATE":"30-08-15","MSG_MODE":"FLEX-A","MSG_TYPE":" ALPHA ","MSG_BITRATE":"1600", "MSG_MESSAGE":"9750"}

{"MSG_CAPCODE":"1361227","MSG_TIME":"00:01:31","MSG_DATE":"30-08-15","MSG_MODE":"FLEX-A","MSG_TYPE":" ALPHA ","MSG_BITRATE":"1600", "MSG_MESSAGE":"IBM_SWIVEL: DESK__1-877-701-2024 DBA: JAREYN_204-470-2415 JACOLL_204-391-5987 BRLEE__7405_668-4708 CLCHIC_7617_888-2530 JOMENE_8815_123-4567 JOPARK_6535_223-2915 LIZADN_8869_254-7104 NETWORK: ROVERM_6107_451-5762"}

{"MSG_CAPCODE":"1361228","MSG_TIME":"00:01:31","MSG_DATE":"30-08-15","MSG_MODE":"FLEX-A","MSG_TYPE":" ALPHA ","MSG_BITRATE":"1600", "MSG_MESSAGE":"JEDEVO_7712_781-3194 SECURITY"}

{"MSG_CAPCODE":"1361228","MSG_TIME":"00:01:32","MSG_DATE":"30-08-15","MSG_MODE":"FLEX-A","MSG_TYPE":" ALPHA ","MSG_BITRATE":"1601", "MSG_MESSAGE":": DOSTRI_7940_837-8005 CPS: ERBULL_7320_663-8462 BRMOWA_7314_257-6876 GRSALU_7577_14828056"}

{"MSG_CAPCODE":"1280633","MSG_TIME":"00:06:38","MSG_DATE":"30-08-15","MSG_MODE":"FLEX-A","MSG_TYPE":"BINARY ","MSG_BITRATE":"1600", "MSG_MESSAGE":"DD70FAD704004B000700DF0000009380005FFF466F"}

{"MSG_CAPCODE":"1280643","MSG_TIME":"00:06:59","MSG_DATE":"30-08-15","MSG_MODE":"FLEX-A","MSG_TYPE":" ALPHA ","MSG_BITRATE":"1600", "MSG_MESSAGE":"61215144980580103058"}

{"MSG_CAPCODE":"1280642","MSG_TIME":"00:06:59","MSG_DATE":"30-08-15","MSG_MODE":"FLEX-A","MSG_TYPE":" ALPHA ","MSG_BITRATE":"1600", "MSG_MESSAGE":"61254401670510102084"}

{"MSG_CAPCODE":"1280641","MSG_TIME":"00:06:59","MSG_DATE":"30-08-15","MSG_MODE":"FLEX-A","MSG_TYPE":" ALPHA ","MSG_BITRATE":"1600", "MSG_MESSAGE":"61225151350520105087"}

{"MSG_CAPCODE":"1499455","MSG_TIME":"00:07:01","MSG_DATE":"30-08-15","MSG_MODE":"FLEX-A","MSG_TYPE":" StNUM ","MSG_BITRATE":"1600", "MSG_MESSAGE":"        *  *    *        * *  * U*   *   "}

{"MSG_CAPCODE":"1280633","MSG_TIME":"00:07:09","MSG_DATE":"30-08-15","MSG_MODE":"FLEX-A","MSG_TYPE":"BINARY ","MSG_BITRATE":"1600", "MSG_MESSAGE":"BC80FAD70400EA08054041100680F110001FFF46A3"}

{"MSG_CAPCODE":"1280633","MSG_TIME":"00:07:31","MSG_DATE":"30-08-15","MSG_MODE":"FLEX-A","MSG_TYPE":"BINARY ","MSG_BITRATE":"1600", "MSG_MESSAGE":"BC80FAD70400EA00050041100000F110001FFF46A3"}

{"MSG_CAPCODE":"1280633","MSG_TIME":"00:07:39","MSG_DATE":"30-08-15","MSG_MODE":"FLEX-A","MSG_TYPE":"BINARY ","MSG_BITRATE":"1600", "MSG_MESSAGE":"CC70FAD70400B8003800B0100000E240003FFF46F1"}

{"MSG_CAPCODE":"1499455","MSG_TIME":"00:07:39","MSG_DATE":"30-08-15","MSG_MODE":"FLEX-A","MSG_TYPE":" StNUM ","MSG_BITRATE":"1600", "MSG_MESSAGE":"        *  *    *        * *  * U*   *   "}

{"MSG_CAPCODE":"0012178","MSG_TIME":"00:07:39","MSG_DATE":"30-08-15","MSG_MODE":"FLEX-A","MSG_TYPE":" ALPHA ","MSG_BITRATE":"1600", "MSG_MESSAGE":"9757"}

{"MSG_CAPCODE":"1280643","MSG_TIME":"00:07:41","MSG_DATE":"30-08-15","MSG_MODE":"FLEX-A","MSG_TYPE":" ALPHA ","MSG_BITRATE":"1600", "MSG_MESSAGE":"61215245010450009054"}

{"MSG_CAPCODE":"1280642","MSG_TIME":"00:07:41","MSG_DATE":"30-08-15","MSG_MODE":"FLEX-A","MSG_TYPE":" ALPHA ","MSG_BITRATE":"1600", "MSG_MESSAGE":"61226251320450102075"}

{"MSG_CAPCODE":"1280641","MSG_TIME":"00:07:41","MSG_DATE":"30-08-15","MSG_MODE":"FLEX-A","MSG_TYPE":" ALPHA ","MSG_BITRATE":"1600", "MSG_MESSAGE":"61219245630520101056"}

{"MSG_CAPCODE":"1280644","MSG_TIME":"00:07:41","MSG_DATE":"30-08-15","MSG_MODE":"FLEX-A","MSG_TYPE":" ALPHA ","MSG_BITRATE":"1600", "MSG_MESSAGE":"61205245290490101092"}

{"MSG_CAPCODE":"0365030","MSG_TIME":"00:07:41","MSG_DATE":"30-08-15","MSG_MODE":"FLEX-A","MSG_TYPE":" StNUM ","MSG_BITRATE":"1600", "MSG_MESSAGE":"9757"}
{"MSG_CAPCODE":"0623932","MSG_TIME":"00:08:01","MSG_DATE":"30-08-15","MSG_MODE":"FLEX-A","MSG_TYPE":" StNUM ","MSG_BITRATE":"1600", "MSG_MESSAGE":"5540 55 -401104[32][7841]8-]-9U"}

{"MSG_CAPCODE":"1280633","MSG_TIME":"00:08:09","MSG_DATE":"30-08-15","MSG_MODE":"FLEX-A","MSG_TYPE":"BINARY ","MSG_BITRATE":"1600", "MSG_MESSAGE":"ED80FAD704100A00860080100000A470005FFF463F"}

{"MSG_CAPCODE":"1361204","MSG_TIME":"00:08:09","MSG_DATE":"30-08-15","MSG_MODE":"FLEX-A","MSG_TYPE":" ALPHA ","MSG_BITRATE":"1600", "MSG_MESSAGE":"J770: (ORSYPADMIN) INFORM: SPSS_COPY_TBLS_G - wf_CARS2SPSS_Copy_Tables1 completed succesfully 08/30/15 01:07"}

{"MSG_CAPCODE":"1280633","MSG_TIME":"00:08:31","MSG_DATE":"30-08-15","MSG_MODE":"FLEX-A","MSG_TYPE":"BINARY ","MSG_BITRATE":"1600", "MSG_MESSAGE":"ED80FAD704100A00860080100000A470005FFF463F"}

{"MSG_CAPCODE":"1280643","MSG_TIME":"00:09:00","MSG_DATE":"30-08-15","MSG_MODE":"FLEX-A","MSG_TYPE":" ALPHA ","MSG_BITRATE":"1600", "MSG_MESSAGE":"61224651340570106088"}

{"MSG_CAPCODE":"1280642","MSG_TIME":"00:09:00","MSG_DATE":"30-08-15","MSG_MODE":"FLEX-A","MSG_TYPE":" ALPHA ","MSG_BITRATE":"1600", "MSG_MESSAGE":"61223549310540009072"}

{"MSG_CAPCODE":"1280641","MSG_TIME":"00:09:00","MSG_DATE":"30-08-15","MSG_MODE":"FLEX-A","MSG_TYPE":" ALPHA ","MSG_BITRATE":"1600", "MSG_MESSAGE":"61205745290520100091"}

{"MSG_CAPCODE":"1280644","MSG_TIME":"00:09:00","MSG_DATE":"30-08-15","MSG_MODE":"FLEX-A","MSG_TYPE":" ALPHA ","MSG_BITRATE":"1600", "MSG_MESSAGE":"61225251350510104086"}

{"MSG_CAPCODE":"0365030","MSG_TIME":"00:09:00","MSG_DATE":"30-08-15","MSG_MODE":"FLEX-A","MSG_TYPE":" StNUM ","MSG_BITRATE":"1600", "MSG_MESSAGE":"9758"}

{"MSG_CAPCODE":"1280633","MSG_TIME":"00:09:01","MSG_DATE":"30-08-15","MSG_MODE":"FLEX-A","MSG_TYPE":"BINARY ","MSG_BITRATE":"1600", "MSG_MESSAGE":"2308FAD70400BA007A000B000000160000EFFF46E1"}

{"MSG_CAPCODE":"1499455","MSG_TIME":"00:09:01","MSG_DATE":"30-08-15","MSG_MODE":"FLEX-A","MSG_TYPE":" StNUM ","MSG_BITRATE":"1600", "MSG_MESSAGE":"        *  *    *        * *  * U*   *   "}

{"MSG_CAPCODE":"0012178","MSG_TIME":"00:09:01","MSG_DATE":"30-08-15","MSG_MODE":"FLEX-A","MSG_TYPE":" ALPHA ","MSG_BITRATE":"1600", "MSG_MESSAGE":"9758"}

{"MSG_CAPCODE":"1280633","MSG_TIME":"00:10:09","MSG_DATE":"30-08-15","MSG_MODE":"FLEX-A","MSG_TYPE":"BINARY ","MSG_BITRATE":"1600", "MSG_MESSAGE":"3328FAD70400CA008A003B000000D53000EFFF4671"}

{"MSG_CAPCODE":"1361219","MSG_TIME":"00:10:30","MSG_DATE":"30-08-15","MSG_MODE":"FLEX-A","MSG_TYPE":" ALPHA ","MSG_BITRATE":"1600", "MSG_MESSAGE":"J770: (JACKSON-DUMP_SDE_TX) INFORM: {/data/cars/db/prod/sql/dump/common} the before_reorg tx dump for sde was successful 08/30/15 01:10"}

{"MSG_CAPCODE":"1280644","MSG_TIME":"00:10:30","MSG_DATE":"30-08-15","MSG_MODE":"FLEX-A","MSG_TYPE":" ALPHA ","MSG_BITRATE":"1600", "MSG_MESSAGE":"61224549400500101074"}

{"MSG_CAPCODE":"1280633","MSG_TIME":"00:10:32","MSG_DATE":"30-08-15","MSG_MODE":"FLEX-A","MSG_TYPE":"BINARY ","MSG_BITRATE":"1600", "MSG_MESSAGE":"3328FAD70400CA008A003B000000D53000EFFF4671"}

{"MSG_CAPCODE":"1361219","MSG_TIME":"00:10:32","MSG_DATE":"30-08-15","MSG_MODE":"FLEX-A","MSG_TYPE":" ALPHA ","MSG_BITRATE":"1600", "MSG_MESSAGE":"J770: (JACKSON-SYBASE-DBCC_SYSTEM_TABLES) INFORM: {/data/cars/db/prod/sql/dbcc} the dbcc_system_tables script for sybsecurity on butler worked "}

{"MSG_CAPCODE":"1361219","MSG_TIME":"00:10:39","MSG_DATE":"30-08-15","MSG_MODE":"FLEX-A","MSG_TYPE":" ALPHA ","MSG_BITRATE":"1601", "MSG_MESSAGE":"OK 08/30/15 01:10"}

{"MSG_CAPCODE":"1280633","MSG_TIME":"00:10:39","MSG_DATE":"30-08-15","MSG_MODE":"FLEX-A","MSG_TYPE":"BINARY ","MSG_BITRATE":"1600", "MSG_MESSAGE":"1238FAD70400BB009B00FB000000E400009FFF4631"}

{"MSG_CAPCODE":"1499455","MSG_TIME":"00:10:39","MSG_DATE":"30-08-15","MSG_MODE":"FLEX-A","MSG_TYPE":" StNUM ","MSG_BITRATE":"1600", "MSG_MESSAGE":"        *  *    *        * *  * U*   *   "}

{"MSG_CAPCODE":"0012178","MSG_TIME":"00:10:39","MSG_DATE":"30-08-15","MSG_MODE":"FLEX-A","MSG_TYPE":" ALPHA ","MSG_BITRATE":"1600", "MSG_MESSAGE":"9760"}

{"MSG_CAPCODE":"1361219","MSG_TIME":"00:10:41","MSG_DATE":"30-08-15","MSG_MODE":"FLEX-A","MSG_TYPE":" ALPHA ","MSG_BITRATE":"1600", "MSG_MESSAGE":"J770: (JACKSON-SYBASE-DBCC_USER_TABLES) INFORM: {/data/cars/db/prod/sql/dbcc} the dbcc_user_tables script for sybsecurity on butler worked OK 08/30/15 01:10"}

{"MSG_CAPCODE":"0365030","MSG_TIME":"00:10:41","MSG_DATE":"30-08-15","MSG_MODE":"FLEX-A","MSG_TYPE":" StNUM ","MSG_BITRATE":"1600", "MSG_MESSAGE":"9760"}

{"MSG_CAPCODE":"1361219","MSG_TIME":"00:11:30","MSG_DATE":"30-08-15","MSG_MODE":"FLEX-A","MSG_TYPE":" ALPHA ","MSG_BITRATE":"1600", "MSG_MESSAGE":"J770: (JACKSON-SYBASE-DBCC_SYSTEM_TABLES) INFORM: {/data/cars/db/prod/sql/dbcc} the dbcc_system_tables script for sybsystemdb on butler worked OK 08/30/15 01:10"}

{"MSG_CAPCODE":"0365030","MSG_TIME":"00:11:30","MSG_DATE":"30-08-15","MSG_MODE":"FLEX-A","MSG_TYPE":" StNUM ","MSG_BITRATE":"1600", "MSG_MESSAGE":"9761"}

{"MSG_CAPCODE":"1280633","MSG_TIME":"00:11:33","MSG_DATE":"30-08-15","MSG_MODE":"FLEX-A","MSG_TYPE":"BINARY ","MSG_BITRATE":"1600", "MSG_MESSAGE":"1048FAD70400BB009B00FB000000E400009FFF4623"}

{"MSG_CAPCODE":"0012178","MSG_TIME":"00:11:33","MSG_DATE":"30-08-15","MSG_MODE":"FLEX-A","MSG_TYPE":" ALPHA ","MSG_BITRATE":"1600", "MSG_MESSAGE":"9761"}

{"MSG_CAPCODE":"1361219","MSG_TIME":"00:11:33","MSG_DATE":"30-08-15","MSG_MODE":"FLEX-A","MSG_TYPE":" ALPHA ","MSG_BITRATE":"1600", "MSG_MESSAGE":"J770: (JACKSON-SYBASE-DBCC_USER_TABLES) INFORM: {/data/cars/db/prod/sql/dbcc} the dbcc_user_tables script for sybsystemdb on but"}

{"MSG_CAPCODE":"1361219","MSG_TIME":"00:11:39","MSG_DATE":"30-08-15","MSG_MODE":"FLEX-A","MSG_TYPE":" ALPHA ","MSG_BITRATE":"1601", "MSG_MESSAGE":"ler worked OK 08/30/15 0q?"}

{"MSG_CAPCODE":"1280633","MSG_TIME":"00:11:39","MSG_DATE":"30-08-15","MSG_MODE":"FLEX-A","MSG_TYPE":"BINARY ","MSG_BITRATE":"1600", "MSG_MESSAGE":"1CD50601910B0AD7060F72D78246CC967EC89DBC4118CC9"}

{"MSG_CAPCODE":"1499455","MSG_TIME":"00:11:39","MSG_DATE":"30-08-15","MSG_MODE":"FLEX-A","MSG_TYPE":" StNUM ","MSG_BITRATE":"1600", "MSG_MESSAGE":"0002[39310]162026U9-0 *566 U666]* [[*[700"}

{"MSG_CAPCODE":"1361219","MSG_TIME":"00:11:41","MSG_DATE":"30-08-15","MSG_MODE":"FLEX-A","MSG_TYPE":" ALPHA ","MSG_BITRATE":"1600", "MSG_MESSAGE":"J770: (JACKSON-SYBASE-DBCC_SYSTEM_TABLES) INFORM: {/data/cass/dbcpr#d/eqlWdbc}7pH9_tables scri?21qqoy|9zr6stemprocs on8:?s79Py<qy<ed OK 08/30/?q::v29P;7yu"}

{"MSG_CAPCODE":"1361219","MSG_TIME":"00:12:00","MSG_DATE":"30-08-15","MSG_MODE":"FLEX-A","MSG_TYPE":" ALPHA ","MSG_BITRATE":"1600", "MSG_MESSAGE":"J770: (JACKSON-SYBASE-DBCC_USER_TABLES) INFORM: {/data/cars/db/prod/sql/dbcc} the dbcc_user_tables script for sybsystemprocs on butler worked OK 08/30/15 01:11"}

{"MSG_CAPCODE":"1280633","MSG_TIME":"00:12:01","MSG_DATE":"30-08-15","MSG_MODE":"FLEX-A","MSG_TYPE":"BINARY ","MSG_BITRATE":"1600", "MSG_MESSAGE":"F058FAD704005C001C006C000000F43000AFFF4650"}
{"MSG_CAPCODE":"1280633","MSG_TIME":"00:12:09","MSG_DATE":"30-08-15","MSG_MODE":"FLEX-A","MSG_TYPE":"BINARY ","MSG_BITRATE":"1600", "MSG_MESSAGE":"F058FAD704005C001C006C000000F43000AFFF4650"}

{"MSG_CAPCODE":"1280633","MSG_TIME":"00:12:40","MSG_DATE":"30-08-15","MSG_MODE":"FLEX-A","MSG_TYPE":"BINARY ","MSG_BITRATE":"1600", "MSG_MESSAGE":"2148FAD704005C001C006C000000F43000AFFF4630"}

{"MSG_CAPCODE":"0365030","MSG_TIME":"00:13:00","MSG_DATE":"30-08-15","MSG_MODE":"FLEX-A","MSG_TYPE":" StNUM ","MSG_BITRATE":"1600", "MSG_MESSAGE":"9762"}
{"MSG_CAPCODE":"1499455","MSG_TIME":"00:13:02","MSG_DATE":"30-08-15","MSG_MODE":"FLEX-A","MSG_TYPE":" StNUM ","MSG_BITRATE":"1600", "MSG_MESSAGE":"        *  *    *        * *  * U*   *   "}

{"MSG_CAPCODE":"0012178","MSG_TIME":"00:13:02","MSG_DATE":"30-08-15","MSG_MODE":"FLEX-A","MSG_TYPE":" ALPHA ","MSG_BITRATE":"1600", "MSG_MESSAGE":"9762"}

{"MSG_CAPCODE":"1517336","MSG_TIME":"00:13:02","MSG_DATE":"30-08-15","MSG_MODE":"FLEX-A","MSG_TYPE":" ALPHA ","MSG_BITRATE":"1600", "MSG_MESSAGE":"Routine :OR-11 to be cleaned   S3- 3106 OR OR-11 to be cleaned , Note:OR-11 to be cleaned .  E943"}

{"MSG_CAPCODE":"1361221","MSG_TIME":"00:13:30","MSG_DATE":"30-08-15","MSG_MODE":"FLEX-A","MSG_TYPE":" ALPHA ","MSG_BITRATE":"1600", "MSG_MESSAGE":"J770: (JACKSON-DUMP_WRKFL_ARCV_TX) INFORM: {/data/cars/db/prod/sql/dump/common} the bf_reorg tx dump for wrkfl_arcv was successful 08/30/15 01:13"}

{"MSG_CAPCODE":"1280633","MSG_TIME":"00:13:32","MSG_DATE":"30-08-15","MSG_MODE":"FLEX-A","MSG_TYPE":"BINARY ","MSG_BITRATE":"1600", "MSG_MESSAGE":"A058FAD704005C001C006C000000F43000AFFF46A0"}

{"MSG_CAPCODE":"0365030","MSG_TIME":"00:19:59","MSG_DATE":"30-08-15","MSG_MODE":"FLEX-A","MSG_TYPE":" StNUM ","MSG_BITRATE":"1600", "MSG_MESSAGE":"9769"}

{"MSG_CAPCODE":"0012178","MSG_TIME":"00:21:38","MSG_DATE":"30-08-15","MSG_MODE":"FLEX-A","MSG_TYPE":" ALPHA ","MSG_BITRATE":"1600", "MSG_MESSAGE":"9771"}
{"MSG_CAPCODE":"0365030","MSG_TIME":"00:21:40","MSG_DATE":"30-08-15","MSG_MODE":"FLEX-A","MSG_TYPE":" StNUM ","MSG_BITRATE":"1600", "MSG_MESSAGE":"9771"}
{"MSG_CAPCODE":"1499455","MSG_TIME":"00:22:01","MSG_DATE":"30-08-15","MSG_MODE":"FLEX-A","MSG_TYPE":" StNUM ","MSG_BITRATE":"1600", "MSG_MESSAGE":"        *  *    *        * *  * U*   *   "}
{"MSG_CAPCODE":"0365030","MSG_TIME":"00:22:59","MSG_DATE":"30-08-15","MSG_MODE":"FLEX-A","MSG_TYPE":" StNUM ","MSG_BITRATE":"1600", "MSG_MESSAGE":"9772"}
{"MSG_CAPCODE":"1499455","MSG_TIME":"00:23:01","MSG_DATE":"30-08-15","MSG_MODE":"FLEX-A","MSG_TYPE":" StNUM ","MSG_BITRATE":"1600", "MSG_MESSAGE":"        *  *    *        * *  * U*   *   "}

{"MSG_CAPCODE":"0012178","MSG_TIME":"00:23:01","MSG_DATE":"30-08-15","MSG_MODE":"FLEX-A","MSG_TYPE":" ALPHA ","MSG_BITRATE":"1600", "MSG_MESSAGE":"9772"}

{"MSG_CAPCODE":"1511009","MSG_TIME":"00:23:29","MSG_DATE":"30-08-15","MSG_MODE":"FLEX-A","MSG_TYPE":" StNUM ","MSG_BITRATE":"1600", "MSG_MESSAGE":"-28211    "}
{"MSG_CAPCODE":"0365030","MSG_TIME":"00:23:59","MSG_DATE":"30-08-15","MSG_MODE":"FLEX-A","MSG_TYPE":" StNUM ","MSG_BITRATE":"1600", "MSG_MESSAGE":"9773"}
{"MSG_CAPCODE":"1499455","MSG_TIME":"00:24:01","MSG_DATE":"30-08-15","MSG_MODE":"FLEX-A","MSG_TYPE":" StNUM ","MSG_BITRATE":"1600", "MSG_MESSAGE":"        *  *    *        * *  * U*   *   "}

{"MSG_CAPCODE":"0012178","MSG_TIME":"00:24:01","MSG_DATE":"30-08-15","MSG_MODE":"FLEX-A","MSG_TYPE":" ALPHA ","MSG_BITRATE":"1600", "MSG_MESSAGE":"9773"}

{"MSG_CAPCODE":"0012178","MSG_TIME":"00:24:38","MSG_DATE":"30-08-15","MSG_MODE":"FLEX-A","MSG_TYPE":" ALPHA ","MSG_BITRATE":"1600", "MSG_MESSAGE":"9774"}
{"MSG_CAPCODE":"0365030","MSG_TIME":"00:24:40","MSG_DATE":"30-08-15","MSG_MODE":"FLEX-A","MSG_TYPE":" StNUM ","MSG_BITRATE":"1600", "MSG_MESSAGE":"9774"}

{"MSG_CAPCODE":"1517350","MSG_TIME":"00:24:59","MSG_DATE":"30-08-15","MSG_MODE":"FLEX-A","MSG_TYPE":" ALPHA ","MSG_BITRATE":"1600", "MSG_MESSAGE":"this bed has been in assigned for 30 minutes please activate"}

{"MSG_CAPCODE":"0365030","MSG_TIME":"00:25:59","MSG_DATE":"30-08-15","MSG_MODE":"FLEX-A","MSG_TYPE":" StNUM ","MSG_BITRATE":"1600", "MSG_MESSAGE":"9775"}
{"MSG_CAPCODE":"1499455","MSG_TIME":"00:26:01","MSG_DATE":"30-08-15","MSG_MODE":"FLEX-A","MSG_TYPE":" StNUM ","MSG_BITRATE":"1600", "MSG_MESSAGE":"        *  *    *        * *  * U*   *   "}

{"MSG_CAPCODE":"0012178","MSG_TIME":"00:26:01","MSG_DATE":"30-08-15","MSG_MODE":"FLEX-A","MSG_TYPE":" ALPHA ","MSG_BITRATE":"1600", "MSG_MESSAGE":"9775"}

{"MSG_CAPCODE":"0365030","MSG_TIME":"00:26:59","MSG_DATE":"30-08-15","MSG_MODE":"FLEX-A","MSG_TYPE":" StNUM ","MSG_BITRATE":"1600", "MSG_MESSAGE":"9776"}
{"MSG_CAPCODE":"1499455","MSG_TIME":"00:27:01","MSG_DATE":"30-08-15","MSG_MODE":"FLEX-A","MSG_TYPE":" StNUM ","MSG_BITRATE":"1600", "MSG_MESSAGE":"        *  *    *        * *  * U*   *   "}

{"MSG_CAPCODE":"0012178","MSG_TIME":"00:27:01","MSG_DATE":"30-08-15","MSG_MODE":"FLEX-A","MSG_TYPE":" ALPHA ","MSG_BITRATE":"1600", "MSG_MESSAGE":"9776"}

{"MSG_CAPCODE":"1280633","MSG_TIME":"00:27:31","MSG_DATE":"30-08-15","MSG_MODE":"FLEX-A","MSG_TYPE":"BINARY ","MSG_BITRATE":"1600", "MSG_MESSAGE":"E6FDEAD704000900C8008D00C400C50000BFFF46E4"}
{"MSG_CAPCODE":"1280633","MSG_TIME":"00:27:39","MSG_DATE":"30-08-15","MSG_MODE":"FLEX-A","MSG_TYPE":"BINARY ","MSG_BITRATE":"1600", "MSG_MESSAGE":"E6FDEAD704000900C8008D00C400C50000BFFF46E4"}

{"MSG_CAPCODE":"0365030","MSG_TIME":"00:27:59","MSG_DATE":"30-08-15","MSG_MODE":"FLEX-A","MSG_TYPE":" StNUM ","MSG_BITRATE":"1600", "MSG_MESSAGE":"9777"}
{"MSG_CAPCODE":"1499455","MSG_TIME":"00:28:01","MSG_DATE":"30-08-15","MSG_MODE":"FLEX-A","MSG_TYPE":" StNUM ","MSG_BITRATE":"1600", "MSG_MESSAGE":"        *  *    *        * *  * U*   *   "}

{"MSG_CAPCODE":"0012178","MSG_TIME":"00:28:01","MSG_DATE":"30-08-15","MSG_MODE":"FLEX-A","MSG_TYPE":" ALPHA ","MSG_BITRATE":"1600", "MSG_MESSAGE":"9775?"}

{"MSG_CAPCODE":"1280633","MSG_TIME":"00:28:01","MSG_DATE":"30-08-15","MSG_MODE":"FLEX-A","MSG_TYPE":"BINARY ","MSG_BITRATE":"1600", "MSG_MESSAGE":"460EEAD704000900C800800E20008DFF72BBAFFFFF"}

{"MSG_CAPCODE":"1280633","MSG_TIME":"00:28:09","MSG_DATE":"30-08-15","MSG_MODE":"FLEX-A","MSG_TYPE":"BINARY ","MSG_BITRATE":"1600", "MSG_MESSAGE":"460EEAD704000900C8008D00C400C50000BFFF4675"}

{"MSG_CAPCODE":"1499455","MSG_TIME":"00:29:01","MSG_DATE":"30-08-15","MSG_MODE":"FLEX-A","MSG_TYPE":" StNUM ","MSG_BITRATE":"1600", "MSG_MESSAGE":"        *  *    *        * *  * U*   *   "}

{"MSG_CAPCODE":"0012178","MSG_TIME":"00:29:01","MSG_DATE":"30-08-15","MSG_MODE":"FLEX-A","MSG_TYPE":" ALPHA ","MSG_BITRATE":"1600", "MSG_MESSAGE":"9778"}

{"MSG_CAPCODE":"1517754","MSG_TIME":"00:29:39","MSG_DATE":"30-08-15","MSG_MODE":"FLEX-A","MSG_TYPE":" ALPHA ","MSG_BITRATE":"1600", "MSG_MESSAGE":"Nora please call back to confirm if you get this message"}

{"MSG_CAPCODE":"1499455","MSG_TIME":"00:29:39","MSG_DATE":"30-08-15","MSG_MODE":"FLEX-A","MSG_TYPE":" StNUM ","MSG_BITRATE":"1600", "MSG_MESSAGE":"        *  *    *        * *  * U*   *   "}

{"MSG_CAPCODE":"0012178","MSG_TIME":"00:29:39","MSG_DATE":"30-08-15","MSG_MODE":"FLEX-A","MSG_TYPE":" ALPHA ","MSG_BITRATE":"1600", "MSG_MESSAGE":"9779"}
{"MSG_CAPCODE":"0365030","MSG_TIME":"00:29:41","MSG_DATE":"30-08-15","MSG_MODE":"FLEX-A","MSG_TYPE":" StNUM ","MSG_BITRATE":"1600", "MSG_MESSAGE":"9779"}

{"MSG_CAPCODE":"1517754","MSG_TIME":"00:29:41","MSG_DATE":"30-08-15","MSG_MODE":"FLEX-A","MSG_TYPE":" ALPHA ","MSG_BITRATE":"1600", "MSG_MESSAGE":"Routine :MRSA  S3-7023-1 Floor to be cleaned , Note:Floor to be cleaned .  E944"}

{"MSG_CAPCODE":"0012178","MSG_TIME":"00:30:38","MSG_DATE":"30-08-15","MSG_MODE":"FLEX-A","MSG_TYPE":" ALPHA ","MSG_BITRATE":"1600", "MSG_MESSAGE":"9780"}
{"MSG_CAPCODE":"0365030","MSG_TIME":"00:30:41","MSG_DATE":"30-08-15","MSG_MODE":"FLEX-A","MSG_TYPE":" StNUM ","MSG_BITRATE":"1600", "MSG_MESSAGE":"9780"}
{"MSG_CAPCODE":"1499455","MSG_TIME":"00:31:01","MSG_DATE":"30-08-15","MSG_MODE":"FLEX-A","MSG_TYPE":" StNUM ","MSG_BITRATE":"1600", "MSG_MESSAGE":"        *  *    *        * *  * U*   *   "}

{"MSG_CAPCODE":"1361227","MSG_TIME":"00:31:31","MSG_DATE":"30-08-15","MSG_MODE":"FLEX-A","MSG_TYPE":" ALPHA ","MSG_BITRATE":"1600", "MSG_MESSAGE":"IBM_SWIVEL: DESK__1-877-701-2024 DBA: JAREYN_204-470-2415 JACOLL_204-391-5987 BRLEE__7405_668-4708 CLCHIC_7617_888-2530 JOMENE_8815_123-4567 JOPARK_6535_223-2915 LIZADN_8869_254-7104 NETWORK: ROVERM_6107_451-5762"}

{"MSG_CAPCODE":"1361228","MSG_TIME":"00:31:31","MSG_DATE":"30-08-15","MSG_MODE":"FLEX-A","MSG_TYPE":" ALPHA ","MSG_BITRATE":"1600", "MSG_MESSAGE":"JEDEVO_7712_781-3194 SECURITY"}

{"FRAGMENTED":"2""MSG_CAPCODE":"1361228","MSG_TIME":"00:31:32","MSG_DATE":"30-08-15","MSG_MODE":"FLEX-A","MSG_TYPE":" ALPHA ","MSG_BITRATE":"1601", "MSG_MESSAGE":": DOSTRI_7940_837-8005 CPS: ERBULL_7320_663-8462 BRMOWA_7314_257-6876 GRSALU_7577_14828056"}

{"MSG_CAPCODE":"0489531","MSG_TIME":"00:37:39","MSG_DATE":"30-08-15","MSG_MODE":"FLEX-A","MSG_TYPE":" ALPHA ","MSG_BITRATE":"1600", "MSG_MESSAGE":"ARHCC HOSPITAL (BC112,0) UNCORRECTABLE LINK ERR [LERR] SN:651899 ST:OK LC:0 08/29/15 22:34:07"}

{"MSG_CAPCODE":"1499455","MSG_TIME":"00:37:39","MSG_DATE":"30-08-15","MSG_MODE":"FLEX-A","MSG_TYPE":" StNUM ","MSG_BITRATE":"1600", "MSG_MESSAGE":"        *  *    *        * *  * U*   *   "}

{"MSG_CAPCODE":"0012178","MSG_TIME":"00:37:39","MSG_DATE":"30-08-15","MSG_MODE":"FLEX-A","MSG_TYPE":" ALPHA ","MSG_BITRATE":"1600", "MSG_MESSAGE":"9787"}
{"MSG_CAPCODE":"0365030","MSG_TIME":"00:37:40","MSG_DATE":"30-08-15","MSG_MODE":"FLEX-A","MSG_TYPE":" StNUM ","MSG_BITRATE":"1600", "MSG_MESSAGE":"9787"}

{"MSG_CAPCODE":"1517341","MSG_TIME":"00:38:01","MSG_DATE":"30-08-15","MSG_MODE":"FLEX-A","MSG_TYPE":" ALPHA ","MSG_BITRATE":"1600", "MSG_MESSAGE":"Routine :MRSA  S3-7023-1 Floor to be cleaned , Note:Floor to be cleaned .  E944"}

{"MSG_CAPCODE":"1517341","MSG_TIME":"00:38:31","MSG_DATE":"30-08-15","MSG_MODE":"FLEX-A","MSG_TYPE":" ALPHA ","MSG_BITRATE":"1600", "MSG_MESSAGE":"please call me to confirm you are getting messages - thanks"}

{"MSG_CAPCODE":"0365030","MSG_TIME":"00:38:59","MSG_DATE":"30-08-15","MSG_MODE":"FLEX-A","MSG_TYPE":" StNUM ","MSG_BITRATE":"1600", "MSG_MESSAGE":"9788"}
{"MSG_CAPCODE":"1499455","MSG_TIME":"00:39:01","MSG_DATE":"30-08-15","MSG_MODE":"FLEX-A","MSG_TYPE":" StNUM ","MSG_BITRATE":"1600", "MSG_MESSAGE":"        *  *    *        * *  * U*   *   "}

{"MSG_CAPCODE":"0012178","MSG_TIME":"00:39:01","MSG_DATE":"30-08-15","MSG_MODE":"FLEX-A","MSG_TYPE":" ALPHA ","MSG_BITRATE":"1600", "MSG_MESSAGE":"9788"}

{"MSG_CAPCODE":"0365030","MSG_TIME":"00:39:59","MSG_DATE":"30-08-15","MSG_MODE":"FLEX-A","MSG_TYPE":" StNUM ","MSG_BITRATE":"1600", "MSG_MESSAGE":"9789"}
{"MSG_CAPCODE":"1499455","MSG_TIME":"00:40:01","MSG_DATE":"30-08-15","MSG_MODE":"FLEX-A","MSG_TYPE":" StNUM ","MSG_BITRATE":"1600", "MSG_MESSAGE":"        *  *    *        * *  * U*   *   "}

{"MSG_CAPCODE":"0012178","MSG_TIME":"00:40:01","MSG_DATE":"30-08-15","MSG_MODE":"FLEX-A","MSG_TYPE":" ALPHA ","MSG_BITRATE":"1600", "MSG_MESSAGE":"9789"}

{"MSG_CAPCODE":"0365030","MSG_TIME":"00:40:59","MSG_DATE":"30-08-15","MSG_MODE":"FLEX-A","MSG_TYPE":" StNUM ","MSG_BITRATE":"1600", "MSG_MESSAGE":"9790"}
{"MSG_CAPCODE":"1499455","MSG_TIME":"00:41:01","MSG_DATE":"30-08-15","MSG_MODE":"FLEX-A","MSG_TYPE":" StNUM ","MSG_BITRATE":"1600", "MSG_MESSAGE":"        *  *    *        * *  * U*   *   "}

{"MSG_CAPCODE":"0012178","MSG_TIME":"00:41:01","MSG_DATE":"30-08-15","MSG_MODE":"FLEX-A","MSG_TYPE":" ALPHA ","MSG_BITRATE":"1600", "MSG_MESSAGE":"9790"}

{"MSG_CAPCODE":"0365030","MSG_TIME":"00:41:59","MSG_DATE":"30-08-15","MSG_MODE":"FLEX-A","MSG_TYPE":" StNUM ","MSG_BITRATE":"1600", "MSG_MESSAGE":"9791"}
{"MSG_CAPCODE":"1499455","MSG_TIME":"00:42:01","MSG_DATE":"30-08-15","MSG_MODE":"FLEX-A","MSG_TYPE":" StNUM ","MSG_BITRATE":"1600", "MSG_MESSAGE":"        *  *    *        * *  * U*   *   "}

{"MSG_CAPCODE":"0012178","MSG_TIME":"00:42:01","MSG_DATE":"30-08-15","MSG_MODE":"FLEX-A","MSG_TYPE":" ALPHA ","MSG_BITRATE":"1600", "MSG_MESSAGE":"9791"}

{"MSG_CAPCODE":"0365030","MSG_TIME":"00:42:59","MSG_DATE":"30-08-15","MSG_MODE":"FLEX-A","MSG_TYPE":" StNUM ","MSG_BITRATE":"1600", "MSG_MESSAGE":"9792"}
{"MSG_CAPCODE":"0012178","MSG_TIME":"00:43:01","MSG_DATE":"30-08-15","MSG_MODE":"FLEX-A","MSG_TYPE":" ALPHA ","MSG_BITRATE":"1600", "MSG_MESSAGE":"9792"}

{"MSG_CAPCODE":"1499455","MSG_TIME":"00:43:01","MSG_DATE":"30-08-15","MSG_MODE":"FLEX-A","MSG_TYPE":" StNUM ","MSG_BITRATE":"1600", "MSG_MESSAGE":"        *  *    *        * *  * U*   *   "}

{"MSG_CAPCODE":"1517345","MSG_TIME":"00:43:59","MSG_DATE":"30-08-15","MSG_MODE":"FLEX-A","MSG_TYPE":" ALPHA ","MSG_BITRATE":"1600", "MSG_MESSAGE":"Routine :  S1-2103-1 ER FAST TRACK TO BE CLEANED , Note:.  E945"}

{"MSG_CAPCODE":"0365030","MSG_TIME":"00:43:59","MSG_DATE":"30-08-15","MSG_MODE":"FLEX-A","MSG_TYPE":" StNUM ","MSG_BITRATE":"1600", "MSG_MESSAGE":"9793"}
{"MSG_CAPCODE":"1499455","MSG_TIME":"00:44:01","MSG_DATE":"30-08-15","MSG_MODE":"FLEX-A","MSG_TYPE":" StNUM ","MSG_BITRATE":"1600", "MSG_MESSAGE":"        *  *    *        * *  * U*   *   "}

{"MSG_CAPCODE":"0012178","MSG_TIME":"00:44:01","MSG_DATE":"30-08-15","MSG_MODE":"FLEX-A","MSG_TYPE":" ALPHA ","MSG_BITRATE":"1600", "MSG_MESSAGE":"9793"}

{"MSG_CAPCODE":"0365030","MSG_TIME":"00:44:40","MSG_DATE":"30-08-15","MSG_MODE":"FLEX-A","MSG_TYPE":" StNUM ","MSG_BITRATE":"1600", "MSG_MESSAGE":"9794"}
{"MSG_CAPCODE":"0012178","MSG_TIME":"00:44:42","MSG_DATE":"30-08-15","MSG_MODE":"FLEX-A","MSG_TYPE":" ALPHA ","MSG_BITRATE":"1600", "MSG_MESSAGE":"9794"}

{"MSG_CAPCODE":"1499455","MSG_TIME":"00:45:02","MSG_DATE":"30-08-15","MSG_MODE":"FLEX-A","MSG_TYPE":" StNUM ","MSG_BITRATE":"1600", "MSG_MESSAGE":"        *  *    *        * *  * U*   *   "}

{"MSG_CAPCODE":"1517341","MSG_TIME":"00:45:02","MSG_DATE":"30-08-15","MSG_MODE":"FLEX-A","MSG_TYPE":" ALPHA ","MSG_BITRATE":"1600", "MSG_MESSAGE":"Nora also please refill hand sanitizer outside room 7047 - thanks and let me know when done I will then put in your pager"}

{"MSG_CAPCODE":"1517345","MSG_TIME":"00:45:41","MSG_DATE":"30-08-15","MSG_MODE":"FLEX-A","MSG_TYPE":" ALPHA ","MSG_BITRATE":"1600", "MSG_MESSAGE":"The Nurses in the Er have called up for youi plmeet Mo( ndrmuytP3c?0P1PsmN??TbgK?rr2"}

{"MSG_CAPCODE":"1279456","MSG_TIME":"00:45:41","MSG_DATE":"30-08-15","MSG_MODE":"FLEX-A","MSG_TYPE":" StNUM ","MSG_BITRATE":"1600", "MSG_MESSAGE":"]0*6188]8]"}
{"MSG_CAPCODE":"0365030","MSG_TIME":"00:45:41","MSG_DATE":"30-08-15","MSG_MODE":"FLEX-A","MSG_TYPE":" StNUM ","MSG_BITRATE":"1600", "MSG_MESSAGE":" ]]5"}

{"MSG_CAPCODE":"0012178","MSG_TIME":"00:45:42","MSG_DATE":"30-08-15","MSG_MODE":"FLEX-A","MSG_TYPE":" ALPHA ","MSG_BITRATE":"1600", "MSG_MESSAGE":"9795"}

{"MSG_CAPCODE":"1499455","MSG_TIME":"00:46:01","MSG_DATE":"30-08-15","MSG_MODE":"FLEX-A","MSG_TYPE":" StNUM ","MSG_BITRATE":"1600", "MSG_MESSAGE":"        *  *    *        * *  * U*   *   "}
{"MSG_CAPCODE":"0365030","MSG_TIME":"00:46:40","MSG_DATE":"30-08-15","MSG_MODE":"FLEX-A","MSG_TYPE":" StNUM ","MSG_BITRATE":"1600", "MSG_MESSAGE":"9796"}
{"MSG_CAPCODE":"0012178","MSG_TIME":"00:46:42","MSG_DATE":"30-08-15","MSG_MODE":"FLEX-A","MSG_TYPE":" ALPHA ","MSG_BITRATE":"1600", "MSG_MESSAGE":"9796"}

{"MSG_CAPCODE":"1499455","MSG_TIME":"00:47:01","MSG_DATE":"30-08-15","MSG_MODE":"FLEX-A","MSG_TYPE":" StNUM ","MSG_BITRATE":"1600", "MSG_MESSAGE":"        *  *    *        * *  * U*   *   "}
{"MSG_CAPCODE":"0365030","MSG_TIME":"00:47:40","MSG_DATE":"30-08-15","MSG_MODE":"FLEX-A","MSG_TYPE":" StNUM ","MSG_BITRATE":"1600", "MSG_MESSAGE":"9797"}
{"MSG_CAPCODE":"0012178","MSG_TIME":"00:47:42","MSG_DATE":"30-08-15","MSG_MODE":"FLEX-A","MSG_TYPE":" ALPHA ","MSG_BITRATE":"1600", "MSG_MESSAGE":"9797"}

{"MSG_CAPCODE":"1499455","MSG_TIME":"00:48:01","MSG_DATE":"30-08-15","MSG_MODE":"FLEX-A","MSG_TYPE":" StNUM ","MSG_BITRATE":"1600", "MSG_MESSAGE":"        *  *    *        * *  * U*   *   "}
{"MSG_CAPCODE":"0365030","MSG_TIME":"00:48:59","MSG_DATE":"30-08-15","MSG_MODE":"FLEX-A","MSG_TYPE":" StNUM ","MSG_BITRATE":"1600", "MSG_MESSAGE":"9798"}
{"MSG_CAPCODE":"1499455","MSG_TIME":"00:49:01","MSG_DATE":"30-08-15","MSG_MODE":"FLEX-A","MSG_TYPE":" StNUM ","MSG_BITRATE":"1600", "MSG_MESSAGE":"        *  *    *        * *  * U*   *   "}

{"MSG_CAPCODE":"0012178","MSG_TIME":"00:49:01","MSG_DATE":"30-08-15","MSG_MODE":"FLEX-A","MSG_TYPE":" ALPHA ","MSG_BITRATE":"1600", "MSG_MESSAGE":"9798"}

{"MSG_CAPCODE":"1517345","MSG_TIME":"00:49:29","MSG_DATE":"30-08-15","MSG_MODE":"FLEX-A","MSG_TYPE":" ALPHA ","MSG_BITRATE":"1600", "MSG_MESSAGE":"can you please activate this thanks"}

{"MSG_CAPCODE":"0365030","MSG_TIME":"00:49:29","MSG_DATE":"30-08-15","MSG_MODE":"FLEX-A","MSG_TYPE":" StNUM ","MSG_BITRATE":"1600", "MSG_MESSAGE":"9799"}
{"MSG_CAPCODE":"0012178","MSG_TIME":"00:49:31","MSG_DATE":"30-08-15","MSG_MODE":"FLEX-A","MSG_TYPE":" ALPHA ","MSG_BITRATE":"1600", "MSG_MESSAGE":"9799"}

{"MSG_CAPCODE":"1499455","MSG_TIME":"00:50:01","MSG_DATE":"30-08-15","MSG_MODE":"FLEX-A","MSG_TYPE":" StNUM ","MSG_BITRATE":"1600", "MSG_MESSAGE":"        *  *    *        * *  * U*   *   "}

{"MSG_CAPCODE":"1517368","MSG_TIME":"00:50:31","MSG_DATE":"30-08-15","MSG_MODE":"FLEX-A","MSG_TYPE":" ALPHA ","MSG_BITRATE":"1600", "MSG_MESSAGE":"Thanks You"}

{"MSG_CAPCODE":"0365030","MSG_TIME":"00:50:59","MSG_DATE":"30-08-15","MSG_MODE":"FLEX-A","MSG_TYPE":" StNUM ","MSG_BITRATE":"1600", "MSG_MESSAGE":"9800"}
{"MSG_CAPCODE":"1499455","MSG_TIME":"00:51:01","MSG_DATE":"30-08-15","MSG_MODE":"FLEX-A","MSG_TYPE":" StNUM ","MSG_BITRATE":"1600", "MSG_MESSAGE":"        *  *    *        * *  * U*   *   "}

{"MSG_CAPCODE":"0012178","MSG_TIME":"00:51:01","MSG_DATE":"30-08-15","MSG_MODE":"FLEX-A","MSG_TYPE":" ALPHA ","MSG_BITRATE":"1600", "MSG_MESSAGE":"9800"}

{"MSG_CAPCODE":"1517341","MSG_TIME":"00:51:32","MSG_DATE":"30-08-15","MSG_MODE":"FLEX-A","MSG_TYPE":" ALPHA ","MSG_BITRATE":"1600", "MSG_MESSAGE":"Routine :  S3-7047-1 Hand Sanitizer outside room 7047 to be refilled, Note:Hand Sanitizer outside room 7047 to be refilled.  E946"}

{"MSG_CAPCODE":"0365030","MSG_TIME":"00:51:59","MSG_DATE":"30-08-15","MSG_MODE":"FLEX-A","MSG_TYPE":" StNUM ","MSG_BITRATE":"1600", "MSG_MESSAGE":"9801"}
{"MSG_CAPCODE":"1499455","MSG_TIME":"00:52:01","MSG_DATE":"30-08-15","MSG_MODE":"FLEX-A","MSG_TYPE":" StNUM ","MSG_BITRATE":"1600", "MSG_MESSAGE":"        *  *    *        * *  * U*   *   "}

{"MSG_CAPCODE":"0012178","MSG_TIME":"00:52:01","MSG_DATE":"30-08-15","MSG_MODE":"FLEX-A","MSG_TYPE":" ALPHA ","MSG_BITRATE":"1600", "MSG_MESSAGE":"9801"}

{"MSG_CAPCODE":"1517341","MSG_TIME":"00:52:09","MSG_DATE":"30-08-15","MSG_MODE":"FLEX-A","MSG_TYPE":" ALPHA ","MSG_BITRATE":"1600", "MSG_MESSAGE":"ER pager is not responding can you tell her to atleast call me so I can progress - dont want to call Navaz for nothing - thanks"}

{"MSG_CAPCODE":"0365030","MSG_TIME":"00:52:59","MSG_DATE":"30-08-15","MSG_MODE":"FLEX-A","MSG_TYPE":" StNUM ","MSG_BITRATE":"1600", "MSG_MESSAGE":"9802"}
{"MSG_CAPCODE":"1499455","MSG_TIME":"00:53:01","MSG_DATE":"30-08-15","MSG_MODE":"FLEX-A","MSG_TYPE":" StNUM ","MSG_BITRATE":"1600", "MSG_MESSAGE":"        *  *    *        * *  * U*   *   "}

{"MSG_CAPCODE":"0012178","MSG_TIME":"00:53:01","MSG_DATE":"30-08-15","MSG_MODE":"FLEX-A","MSG_TYPE":" ALPHA ","MSG_BITRATE":"1600", "MSG_MESSAGE":"9802"}

{"MSG_CAPCODE":"0489531","MSG_TIME":"00:53:31","MSG_DATE":"30-08-15","MSG_MODE":"FLEX-A","MSG_TYPE":" ALPHA ","MSG_BITRATE":"1600", "MSG_MESSAGE":"CAMPBELL MTN. (BC710,0) C2000 OVER 50 DEGREES [HITP] SN:651900 ST:OK LC:0 08/29/15 22:51:22"}

{"MSG_CAPCODE":"0365030","MSG_TIME":"00:53:59","MSG_DATE":"30-08-15","MSG_MODE":"FLEX-A","MSG_TYPE":" StNUM ","MSG_BITRATE":"1600", "MSG_MESSAGE":"9803"}
{"MSG_CAPCODE":"1499455","MSG_TIME":"00:54:01","MSG_DATE":"30-08-15","MSG_MODE":"FLEX-A","MSG_TYPE":" StNUM ","MSG_BITRATE":"1600", "MSG_MESSAGE":"        *  *    *        * *  * U*   *   "}

{"MSG_CAPCODE":"0012178","MSG_TIME":"00:54:01","MSG_DATE":"30-08-15","MSG_MODE":"FLEX-A","MSG_TYPE":" ALPHA ","MSG_BITRATE":"1600", "MSG_MESSAGE":"9803"}

{"MSG_CAPCODE":"0365030","MSG_TIME":"00:54:59","MSG_DATE":"30-08-15","MSG_MODE":"FLEX-A","MSG_TYPE":" StNUM ","MSG_BITRATE":"1600", "MSG_MESSAGE":"9804"}
{"MSG_CAPCODE":"0012178","MSG_TIME":"00:55:01","MSG_DATE":"30-08-15","MSG_MODE":"FLEX-A","MSG_TYPE":" ALPHA ","MSG_BITRATE":"1600", "MSG_MESSAGE":"9804"}

{"MSG_CAPCODE":"1499455","MSG_TIME":"00:55:01","MSG_DATE":"30-08-15","MSG_MODE":"FLEX-A","MSG_TYPE":" StNUM ","MSG_BITRATE":"1600", "MSG_MESSAGE":"        *  *    *        * *  * U*   *   "}
{"MSG_CAPCODE":"0365030","MSG_TIME":"00:55:59","MSG_DATE":"30-08-15","MSG_MODE":"FLEX-A","MSG_TYPE":" StNUM ","MSG_BITRATE":"1600", "MSG_MESSAGE":"9805"}
{"MSG_CAPCODE":"1499455","MSG_TIME":"00:56:01","MSG_DATE":"30-08-15","MSG_MODE":"FLEX-A","MSG_TYPE":" StNUM ","MSG_BITRATE":"1600", "MSG_MESSAGE":"        *  *    *        * *  * U*   *   "}

{"MSG_CAPCODE":"0012178","MSG_TIME":"00:56:01","MSG_DATE":"30-08-15","MSG_MODE":"FLEX-A","MSG_TYPE":" ALPHA ","MSG_BITRATE":"1600", "MSG_MESSAGE":"9805"}

{"MSG_CAPCODE":"0365030","MSG_TIME":"00:56:59","MSG_DATE":"30-08-15","MSG_MODE":"FLEX-A","MSG_TYPE":" StNUM ","MSG_BITRATE":"1600", "MSG_MESSAGE":"9806"}
{"MSG_CAPCODE":"1499455","MSG_TIME":"00:57:01","MSG_DATE":"30-08-15","MSG_MODE":"FLEX-A","MSG_TYPE":" StNUM ","MSG_BITRATE":"1600", "MSG_MESSAGE":"        *  *    *        * *  * U*   *   "}

{"MSG_CAPCODE":"0012178","MSG_TIME":"00:57:01","MSG_DATE":"30-08-15","MSG_MODE":"FLEX-A","MSG_TYPE":" ALPHA ","MSG_BITRATE":"1600", "MSG_MESSAGE":"9806"}

{"MSG_CAPCODE":"0365030","MSG_TIME":"00:57:59","MSG_DATE":"30-08-15","MSG_MODE":"FLEX-A","MSG_TYPE":" StNUM ","MSG_BITRATE":"1600", "MSG_MESSAGE":"9807"}
{"MSG_CAPCODE":"1499455","MSG_TIME":"00:58:01","MSG_DATE":"30-08-15","MSG_MODE":"FLEX-A","MSG_TYPE":" StNUM ","MSG_BITRATE":"1600", "MSG_MESSAGE":"        *  *    *        * *  * U*   *   "}

{"MSG_CAPCODE":"0012178","MSG_TIME":"00:58:01","MSG_DATE":"30-08-15","MSG_MODE":"FLEX-A","MSG_TYPE":" ALPHA ","MSG_BITRATE":"1600", "MSG_MESSAGE":"9807"}

{"MSG_CAPCODE":"0365030","MSG_TIME":"00:58:59","MSG_DATE":"30-08-15","MSG_MODE":"FLEX-A","MSG_TYPE":" StNUM ","MSG_BITRATE":"1600", "MSG_MESSAGE":"9808"}
{"MSG_CAPCODE":"0012178","MSG_TIME":"00:59:01","MSG_DATE":"30-08-15","MSG_MODE":"FLEX-A","MSG_TYPE":" ALPHA ","MSG_BITRATE":"1600", "MSG_MESSAGE":"9808"}

{"MSG_CAPCODE":"1499455","MSG_TIME":"00:59:01","MSG_DATE":"30-08-15","MSG_MODE":"FLEX-A","MSG_TYPE":" StNUM ","MSG_BITRATE":"1600", "MSG_MESSAGE":"        *  *    *        * *  * U*   *   "}
{"MSG_CAPCODE":"0365030","MSG_TIME":"01:00:59","MSG_DATE":"30-08-15","MSG_MODE":"FLEX-A","MSG_TYPE":" StNUM ","MSG_BITRATE":"1600", "MSG_MESSAGE":"9810"}
{"MSG_CAPCODE":"1499455","MSG_TIME":"01:01:01","MSG_DATE":"30-08-15","MSG_MODE":"FLEX-A","MSG_TYPE":" StNUM ","MSG_BITRATE":"1600", "MSG_MESSAGE":"        *  *    *        * *  * U*   *   "}

{"MSG_CAPCODE":"0012178","MSG_TIME":"01:01:01","MSG_DATE":"30-08-15","MSG_MODE":"FLEX-A","MSG_TYPE":" ALPHA ","MSG_BITRATE":"1600", "MSG_MESSAGE":"9810"}

{"MSG_CAPCODE":"0365030","MSG_TIME":"01:01:59","MSG_DATE":"30-08-15","MSG_MODE":"FLEX-A","MSG_TYPE":" StNUM ","MSG_BITRATE":"1600", "MSG_MESSAGE":"9811"}

{"MSG_CAPCODE":"1361386","MSG_TIME":"01:01:59","MSG_DATE":"30-08-15","MSG_MODE":"FLEX-A","MSG_TYPE":" ALPHA ","MSG_BITRATE":"1600", "MSG_MESSAGE":"u820197640800B444A4v"}

{"MSG_CAPCODE":"1499455","MSG_TIME":"01:02:01","MSG_DATE":"30-08-15","MSG_MODE":"FLEX-A","MSG_TYPE":" StNUM ","MSG_BITRATE":"1600", "MSG_MESSAGE":"        *  *    *        * *  * U*   *   "}

{"MSG_CAPCODE":"0012178","MSG_TIME":"01:02:01","MSG_DATE":"30-08-15","MSG_MODE":"FLEX-A","MSG_TYPE":" ALPHA ","MSG_BITRATE":"1600", "MSG_MESSAGE":"9811"}

{"MSG_CAPCODE":"0365030","MSG_TIME":"01:02:40","MSG_DATE":"30-08-15","MSG_MODE":"FLEX-A","MSG_TYPE":" StNUM ","MSG_BITRATE":"1600", "MSG_MESSAGE":"9812"}

{"MSG_CAPCODE":"1280633","MSG_TIME":"01:02:43","MSG_DATE":"30-08-15","MSG_MODE":"FLEX-A","MSG_TYPE":"BINARY ","MSG_BITRATE":"1600", "MSG_MESSAGE":"9CE3FAD70400880008002A0000002371003FFF4644"}

{"MSG_CAPCODE":"1499455","MSG_TIME":"01:02:43","MSG_DATE":"30-08-15","MSG_MODE":"FLEX-A","MSG_TYPE":" StNUM ","MSG_BITRATE":"1600", "MSG_MESSAGE":"        *  *    *        * *  * U*   *   "}

{"MSG_CAPCODE":"0012178","MSG_TIME":"01:02:43","MSG_DATE":"30-08-15","MSG_MODE":"FLEX-A","MSG_TYPE":" ALPHA ","MSG_BITRATE":"1600", "MSG_MESSAGE":"9812"}

{"MSG_CAPCODE":"0489531","MSG_TIME":"01:02:43","MSG_DATE":"30-08-15","MSG_MODE":"FLEX-A","MSG_TYPE":" ALPHA ","MSG_BITRATE":"1600", "MSG_MESSAGE":"VGH CODE (BC040,1) SYNCHRONIZATION WARNING [SYCW] SN:651901 ST:AL LC:1 08/29/15 23:00:44"}

{"MSG_CAPCODE":"0489531","MSG_TIME":"01:03:02","MSG_DATE":"30-08-15","MSG_MODE":"FLEX-A","MSG_TYPE":" ALPHA ","MSG_BITRATE":"1600", "MSG_MESSAGE":"VGH ENHANCE (BC040,2) Synchronization warning [WTim] SN:651902 ST:AL LC:1 08/29/15 23:00:44"}

{"MSG_CAPCODE":"1280633","MSG_TIME":"01:03:02","MSG_DATE":"30-08-15","MSG_MODE":"FLEX-A","MSG_TYPE":"BINARY ","MSG_BITRATE":"1600", "MSG_MESSAGE":"4DF3FAD7040089003900D90000005240003FFF46A3"}
{"MSG_CAPCODE":"1280633","MSG_TIME":"01:03:09","MSG_DATE":"30-08-15","MSG_MODE":"FLEX-A","MSG_TYPE":"BINARY ","MSG_BITRATE":"1600", "MSG_MESSAGE":"4DF3FAD7040089003900D90000005240003FFF46A3"}

{"MSG_CAPCODE":"1280633","MSG_TIME":"01:03:31","MSG_DATE":"30-08-15","MSG_MODE":"FLEX-A","MSG_TYPE":"BINARY ","MSG_BITRATE":"1600", "MSG_MESSAGE":"AC04FAD7040089003900D90000005240003FFF4634"}

{"MSG_CAPCODE":"0365030","MSG_TIME":"01:04:41","MSG_DATE":"30-08-15","MSG_MODE":"FLEX-A","MSG_TYPE":" StNUM ","MSG_BITRATE":"1600", "MSG_MESSAGE":"9814"}

{"MSG_CAPCODE":"1280633","MSG_TIME":"01:04:42","MSG_DATE":"30-08-15","MSG_MODE":"FLEX-A","MSG_TYPE":"BINARY ","MSG_BITRATE":"1600", "MSG_MESSAGE":"CD04FAD704008900C8003A000000A400006FFF46E0"}

{"MSG_CAPCODE":"0012178","MSG_TIME":"01:04:42","MSG_DATE":"30-08-15","MSG_MODE":"FLEX-A","MSG_TYPE":" ALPHA ","MSG_BITRATE":"1600", "MSG_MESSAGE":"9814"}

{"MSG_CAPCODE":"1932418","MSG_TIME":"01:09:09","MSG_DATE":"30-08-15","MSG_MODE":"FLEX-A","MSG_TYPE":" StNUM ","MSG_BITRATE":"1600", "MSG_MESSAGE":"403 343-4425   "}
